#
# A fatal error has been detected by the Java Runtime Environment:
#
#  EXCEPTION_ACCESS_VIOLATION (0xc0000005) at pc=0x000000005a0a4524, pid=16216, tid=0x0000000000002ce0
#
# JRE version: OpenJDK Runtime Environment (8.0_242-b01) (build 1.8.0_242-release-1644-b01)
# Java VM: OpenJDK 64-Bit Server VM (25.242-b01 mixed mode windows-amd64 compressed oops)
# Problematic frame:
# V  [jvm.dll+0x4e4524]
#
# Failed to write core dump. Minidumps are not enabled by default on client versions of Windows
#
# If you would like to submit a bug report, please visit:
#   
#

---------------  T H R E A D  ---------------

Current thread (0x00000000196a3000):  JavaThread "C2 CompilerThread0" daemon [_thread_in_native, id=11488, stack(0x0000000019f70000,0x000000001a070000)]

siginfo: ExceptionCode=0xc0000005, reading address 0xffffffffffffffff

Registers:
RAX=0x00010000198b2be0, RBX=0x0000000000000017, RCX=0x0000000000000008, RDX=0x0000000000000001
RSP=0x000000001a06c440, RBP=0x000000001a06c540, RSI=0x00000000198b2b88, RDI=0x000000001a06c920
R8 =0x00000000198afdd0, R9 =0x0000000000000000, R10=0x000000001a06c920, R11=0x0000000000000000
R12=0x000000001ac4b8d0, R13=0x0000000000000006, R14=0x000000001b079690, R15=0x000000001b079650
RIP=0x000000005a0a4524, EFLAGS=0x0000000000010202

Top of Stack: (sp=0x000000001a06c440)
0x000000001a06c440:   0000000000000017 000000001b65aaa8
0x000000001a06c450:   000000001a06c540 000000001ac4b8d0
0x000000001a06c460:   000000001b079690 000000001b079650
0x000000001a06c470:   0000000000000017 0000000000000016
0x000000001a06c480:   000000001ac4b8d0 0000002000000000
0x000000001a06c490:   0000000000000000 0000000000000007
0x000000001a06c4a0:   000000001b730400 0000000000000008
0x000000001a06c4b0:   000000001c6ce900 0000000100000252
0x000000001a06c4c0:   0000000000000b25 0000000000000010
0x000000001a06c4d0:   0000000021724d40 0000000000000252
0x000000001a06c4e0:   0000000000000010 0000000021724d40
0x000000001a06c4f0:   0000000000158f60 000000002171fe70
0x000000001a06c500:   0000000021727e58 00000000178a4c20
0x000000001a06c510:   0000000000000000 0000000000000000
0x000000001a06c520:   0000000000000000 0000000000000000
0x000000001a06c530:   0000000000000000 00000000000a5a00 

Instructions: (pc=0x000000005a0a4524)
0x000000005a0a4504:   07 00 00 83 7e 18 01 89 55 78 0f 86 fb 01 00 00
0x000000005a0a4514:   b9 08 00 00 00 48 89 4c 24 68 66 90 48 8b 46 08
0x000000005a0a4524:   4c 8b 24 01 4d 85 e4 75 2c 4c 8d 0d d4 b8 15 00
0x000000005a0a4534:   4c 8d 05 45 b8 15 00 48 8d 0d fe b7 15 00 ba 89 


Register to memory mapping:

RAX=0x00010000198b2be0 is an unknown value
RBX=0x0000000000000017 is an unknown value
RCX=0x0000000000000008 is an unknown value
RDX=0x0000000000000001 is an unknown value
RSP=0x000000001a06c440 is pointing into the stack for thread: 0x00000000196a3000
RBP=0x000000001a06c540 is pointing into the stack for thread: 0x00000000196a3000
RSI=0x00000000198b2b88 is an unknown value
RDI=0x000000001a06c920 is pointing into the stack for thread: 0x00000000196a3000
R8 =0x00000000198afdd0 is an unknown value
R9 =0x0000000000000000 is an unknown value
R10=0x000000001a06c920 is pointing into the stack for thread: 0x00000000196a3000
R11=0x0000000000000000 is an unknown value
R12=0x000000001ac4b8d0 is an unknown value
R13=0x0000000000000006 is an unknown value
R14=0x000000001b079690 is an unknown value
R15=0x000000001b079650 is an unknown value


Stack: [0x0000000019f70000,0x000000001a070000],  sp=0x000000001a06c440,  free space=1009k
Native frames: (J=compiled Java code, j=interpreted, Vv=VM code, C=native code)
V  [jvm.dll+0x4e4524]
V  [jvm.dll+0x43ac83]
V  [jvm.dll+0x4456ab]
V  [jvm.dll+0x447fa8]
V  [jvm.dll+0x42b072]
V  [jvm.dll+0x8230f]
V  [jvm.dll+0x82c7f]
V  [jvm.dll+0x220b7f]
V  [jvm.dll+0x27276a]
C  [msvcr100.dll+0x21d9f]
C  [msvcr100.dll+0x21e3b]
C  [KERNEL32.DLL+0x17034]
C  [ntdll.dll+0x4d241]


Current CompileTask:
C2:   8626 4917       4       java.lang.invoke.MethodType::makeImpl (66 bytes)


---------------  P R O C E S S  ---------------

Java Threads: ( => current thread )
  0x000000001aca9800 JavaThread "Cache worker for Build Output Cleanup Cache (C:\Users\Gokul\AndroidStudioProjects\Uthiramv007Twenty_Five\.gradle\buildOutputCleanup)" [_thread_blocked, id=11848, stack(0x0000000028c60000,0x0000000028d60000)]
  0x000000001aca8800 JavaThread "jar transforms Thread 94" [_thread_blocked, id=6232, stack(0x00000000299f0000,0x0000000029af0000)]
  0x000000001fe18800 JavaThread "jar transforms Thread 93" [_thread_blocked, id=10492, stack(0x00000000298f0000,0x00000000299f0000)]
  0x000000001fe18000 JavaThread "jar transforms Thread 92" [_thread_blocked, id=11820, stack(0x00000000297f0000,0x00000000298f0000)]
  0x000000001fe17000 JavaThread "jar transforms Thread 91" [_thread_blocked, id=15528, stack(0x00000000296f0000,0x00000000297f0000)]
  0x000000001fe14000 JavaThread "jar transforms Thread 90" [_thread_blocked, id=11872, stack(0x00000000295f0000,0x00000000296f0000)]
  0x000000001fe16800 JavaThread "jar transforms Thread 89" [_thread_blocked, id=13900, stack(0x00000000294f0000,0x00000000295f0000)]
  0x000000001fe15800 JavaThread "jar transforms Thread 88" [_thread_blocked, id=13668, stack(0x00000000293f0000,0x00000000294f0000)]
  0x000000001fe13800 JavaThread "jar transforms Thread 87" [_thread_blocked, id=6512, stack(0x00000000292f0000,0x00000000293f0000)]
  0x000000001fe12800 JavaThread "jar transforms Thread 86" [_thread_blocked, id=6104, stack(0x00000000291f0000,0x00000000292f0000)]
  0x000000001fe15000 JavaThread "jar transforms Thread 85" [_thread_blocked, id=2320, stack(0x00000000290f0000,0x00000000291f0000)]
  0x000000001fe0b000 JavaThread "jar transforms Thread 84" [_thread_blocked, id=10632, stack(0x0000000028ff0000,0x00000000290f0000)]
  0x000000001fe12000 JavaThread "jar transforms Thread 83" [_thread_blocked, id=15376, stack(0x0000000028ef0000,0x0000000028ff0000)]
  0x000000001fe0a800 JavaThread "jar transforms Thread 82" [_thread_blocked, id=9384, stack(0x0000000028df0000,0x0000000028ef0000)]
  0x000000001fe11000 JavaThread "jar transforms Thread 81" [_thread_blocked, id=9144, stack(0x0000000024440000,0x0000000024540000)]
  0x000000001fe0f000 JavaThread "jar transforms Thread 80" [_thread_blocked, id=15656, stack(0x0000000028b60000,0x0000000028c60000)]
  0x000000001fe0c000 JavaThread "jar transforms Thread 79" [_thread_blocked, id=15600, stack(0x0000000028a60000,0x0000000028b60000)]
  0x000000001fe0d800 JavaThread "jar transforms Thread 78" [_thread_blocked, id=16248, stack(0x0000000028960000,0x0000000028a60000)]
  0x000000001fe0f800 JavaThread "jar transforms Thread 77" [_thread_blocked, id=12940, stack(0x0000000028860000,0x0000000028960000)]
  0x000000001fe0c800 JavaThread "jar transforms Thread 76" [_thread_blocked, id=14620, stack(0x0000000028760000,0x0000000028860000)]
  0x000000001fe09800 JavaThread "jar transforms Thread 75" [_thread_blocked, id=4692, stack(0x0000000028660000,0x0000000028760000)]
  0x000000001fe10800 JavaThread "jar transforms Thread 74" [_thread_blocked, id=15112, stack(0x0000000028560000,0x0000000028660000)]
  0x000000001fe0e000 JavaThread "jar transforms Thread 73" [_thread_blocked, id=15368, stack(0x0000000028460000,0x0000000028560000)]
  0x000000001cccf800 JavaThread "jar transforms Thread 72" [_thread_blocked, id=8936, stack(0x0000000028360000,0x0000000028460000)]
  0x000000001cccb000 JavaThread "jar transforms Thread 71" [_thread_blocked, id=12452, stack(0x0000000028260000,0x0000000028360000)]
  0x000000001cccd800 JavaThread "jar transforms Thread 70" [_thread_blocked, id=16072, stack(0x0000000028160000,0x0000000028260000)]
  0x000000001cccc800 JavaThread "jar transforms Thread 69" [_thread_blocked, id=15632, stack(0x0000000028060000,0x0000000028160000)]
  0x000000001cccf000 JavaThread "jar transforms Thread 68" [_thread_blocked, id=2324, stack(0x0000000027f60000,0x0000000028060000)]
  0x000000001cccc000 JavaThread "jar transforms Thread 67" [_thread_blocked, id=8536, stack(0x0000000027e60000,0x0000000027f60000)]
  0x000000001ccd0800 JavaThread "jar transforms Thread 66" [_thread_blocked, id=3024, stack(0x0000000027d60000,0x0000000027e60000)]
  0x000000001ccc9800 JavaThread "jar transforms Thread 65" [_thread_blocked, id=15384, stack(0x0000000027c60000,0x0000000027d60000)]
  0x000000001ccce000 JavaThread "jar transforms Thread 64" [_thread_blocked, id=15332, stack(0x0000000027b60000,0x0000000027c60000)]
  0x000000001ccca800 JavaThread "jar transforms Thread 63" [_thread_blocked, id=11676, stack(0x0000000027a60000,0x0000000027b60000)]
  0x000000001ccc9000 JavaThread "jar transforms Thread 62" [_thread_blocked, id=10796, stack(0x0000000027960000,0x0000000027a60000)]
  0x000000001ccc1800 JavaThread "jar transforms Thread 61" [_thread_blocked, id=15988, stack(0x0000000027860000,0x0000000027960000)]
  0x000000001ccc7800 JavaThread "jar transforms Thread 60" [_thread_blocked, id=7736, stack(0x0000000027760000,0x0000000027860000)]
  0x000000001ccc3800 JavaThread "jar transforms Thread 59" [_thread_blocked, id=2164, stack(0x0000000027660000,0x0000000027760000)]
  0x000000001ccc8000 JavaThread "jar transforms Thread 58" [_thread_blocked, id=3156, stack(0x0000000027560000,0x0000000027660000)]
  0x000000001ccc4800 JavaThread "jar transforms Thread 57" [_thread_blocked, id=12776, stack(0x0000000027460000,0x0000000027560000)]
  0x000000001ccc6000 JavaThread "jar transforms Thread 56" [_thread_blocked, id=15780, stack(0x0000000027360000,0x0000000027460000)]
  0x000000001ccc3000 JavaThread "jar transforms Thread 55" [_thread_blocked, id=3936, stack(0x0000000027260000,0x0000000027360000)]
  0x000000001ccc2000 JavaThread "jar transforms Thread 54" [_thread_blocked, id=9552, stack(0x0000000027160000,0x0000000027260000)]
  0x000000001ccc6800 JavaThread "jar transforms Thread 53" [_thread_blocked, id=13256, stack(0x0000000027060000,0x0000000027160000)]
  0x000000001ccc5000 JavaThread "jar transforms Thread 52" [_thread_blocked, id=8756, stack(0x0000000026f60000,0x0000000027060000)]
  0x0000000020fc3000 JavaThread "jar transforms Thread 51" [_thread_blocked, id=14920, stack(0x0000000026e60000,0x0000000026f60000)]
  0x0000000020fc3800 JavaThread "jar transforms Thread 50" [_thread_blocked, id=12976, stack(0x0000000026d60000,0x0000000026e60000)]
  0x0000000020fc1800 JavaThread "jar transforms Thread 49" [_thread_blocked, id=15052, stack(0x0000000026c60000,0x0000000026d60000)]
  0x0000000020fc6800 JavaThread "jar transforms Thread 48" [_thread_blocked, id=15964, stack(0x0000000026b60000,0x0000000026c60000)]
  0x0000000020fc2000 JavaThread "jar transforms Thread 47" [_thread_blocked, id=12416, stack(0x0000000026a60000,0x0000000026b60000)]
  0x0000000020fc7800 JavaThread "jar transforms Thread 46" [_thread_blocked, id=11928, stack(0x0000000026960000,0x0000000026a60000)]
  0x0000000020fc0000 JavaThread "jar transforms Thread 45" [_thread_blocked, id=12424, stack(0x0000000026860000,0x0000000026960000)]
  0x0000000020fc6000 JavaThread "jar transforms Thread 44" [_thread_blocked, id=13248, stack(0x0000000026760000,0x0000000026860000)]
  0x0000000020fc0800 JavaThread "jar transforms Thread 43" [_thread_blocked, id=10344, stack(0x0000000026660000,0x0000000026760000)]
  0x0000000020fc4800 JavaThread "jar transforms Thread 42" [_thread_blocked, id=11596, stack(0x0000000026560000,0x0000000026660000)]
  0x0000000020fc5000 JavaThread "jar transforms Thread 41" [_thread_blocked, id=10760, stack(0x0000000026460000,0x0000000026560000)]
  0x0000000020fb8800 JavaThread "jar transforms Thread 40" [_thread_blocked, id=14720, stack(0x0000000026360000,0x0000000026460000)]
  0x0000000020fbf000 JavaThread "jar transforms Thread 39" [_thread_blocked, id=10612, stack(0x0000000026260000,0x0000000026360000)]
  0x0000000020fbd000 JavaThread "jar transforms Thread 38" [_thread_blocked, id=15520, stack(0x0000000026160000,0x0000000026260000)]
  0x0000000020fbc000 JavaThread "jar transforms Thread 37" [_thread_blocked, id=12320, stack(0x0000000026060000,0x0000000026160000)]
  0x0000000020fbd800 JavaThread "jar transforms Thread 36" [_thread_blocked, id=14708, stack(0x0000000025f60000,0x0000000026060000)]
  0x0000000020fbb800 JavaThread "jar transforms Thread 35" [_thread_blocked, id=15420, stack(0x0000000025e60000,0x0000000025f60000)]
  0x0000000020fbe800 JavaThread "jar transforms Thread 34" [_thread_blocked, id=12692, stack(0x0000000025d60000,0x0000000025e60000)]
  0x0000000020fba000 JavaThread "jar transforms Thread 33" [_thread_blocked, id=15216, stack(0x0000000025c60000,0x0000000025d60000)]
  0x0000000020fb9000 JavaThread "jar transforms Thread 32" [_thread_blocked, id=9692, stack(0x0000000025b60000,0x0000000025c60000)]
  0x0000000020fba800 JavaThread "jar transforms Thread 31" [_thread_blocked, id=9488, stack(0x0000000025a60000,0x0000000025b60000)]
  0x000000001a69d800 JavaThread "jar transforms Thread 30" [_thread_blocked, id=7496, stack(0x0000000025960000,0x0000000025a60000)]
  0x000000001a69c800 JavaThread "jar transforms Thread 29" [_thread_blocked, id=13428, stack(0x0000000025860000,0x0000000025960000)]
  0x000000001a69c000 JavaThread "jar transforms Thread 28" [_thread_blocked, id=6376, stack(0x0000000025760000,0x0000000025860000)]
  0x000000001a69b000 JavaThread "jar transforms Thread 27" [_thread_blocked, id=8332, stack(0x0000000025660000,0x0000000025760000)]
  0x000000001a69f800 JavaThread "jar transforms Thread 26" [_thread_blocked, id=14812, stack(0x0000000025560000,0x0000000025660000)]
  0x000000001a6a2000 JavaThread "jar transforms Thread 25" [_thread_blocked, id=12180, stack(0x0000000025460000,0x0000000025560000)]
  0x000000001a6a1000 JavaThread "jar transforms Thread 24" [_thread_blocked, id=2012, stack(0x0000000025360000,0x0000000025460000)]
  0x000000001a6a0800 JavaThread "jar transforms Thread 23" [_thread_blocked, id=4104, stack(0x0000000025260000,0x0000000025360000)]
  0x000000001a69f000 JavaThread "jar transforms Thread 22" [_thread_blocked, id=14156, stack(0x0000000025160000,0x0000000025260000)]
  0x000000001a69e000 JavaThread "jar transforms Thread 21" [_thread_blocked, id=15472, stack(0x0000000025060000,0x0000000025160000)]
  0x000000002199f800 JavaThread "jar transforms Thread 20" [_thread_blocked, id=3052, stack(0x0000000024f60000,0x0000000025060000)]
  0x00000000219a0800 JavaThread "jar transforms Thread 19" [_thread_blocked, id=3352, stack(0x0000000024e60000,0x0000000024f60000)]
  0x00000000219a2800 JavaThread "jar transforms Thread 18" [_thread_blocked, id=11844, stack(0x0000000024d60000,0x0000000024e60000)]
  0x000000002199e000 JavaThread "jar transforms Thread 17" [_thread_blocked, id=9956, stack(0x0000000024c60000,0x0000000024d60000)]
  0x000000002199f000 JavaThread "jar transforms Thread 16" [_thread_blocked, id=6532, stack(0x0000000024b60000,0x0000000024c60000)]
  0x00000000219a3800 JavaThread "jar transforms Thread 15" [_thread_blocked, id=3212, stack(0x0000000024a60000,0x0000000024b60000)]
  0x00000000219a1000 JavaThread "jar transforms Thread 14" [_thread_blocked, id=14764, stack(0x0000000024960000,0x0000000024a60000)]
  0x00000000219a4000 JavaThread "jar transforms Thread 13" [_thread_blocked, id=9964, stack(0x0000000024860000,0x0000000024960000)]
  0x00000000219a2000 JavaThread "jar transforms Thread 12" [_thread_blocked, id=16192, stack(0x0000000024760000,0x0000000024860000)]
  0x0000000021996800 JavaThread "jar transforms Thread 11" [_thread_blocked, id=1500, stack(0x0000000024660000,0x0000000024760000)]
  0x000000002199d800 JavaThread "jar transforms Thread 10" [_thread_blocked, id=16196, stack(0x0000000024560000,0x0000000024660000)]
  0x0000000021998000 JavaThread "jar transforms Thread 9" [_thread_blocked, id=8096, stack(0x0000000024110000,0x0000000024210000)]
  0x000000002199c800 JavaThread "jar transforms Thread 8" [_thread_blocked, id=14460, stack(0x0000000024010000,0x0000000024110000)]
  0x0000000021995000 JavaThread "jar transforms Thread 7" [_thread_blocked, id=13500, stack(0x0000000023f10000,0x0000000024010000)]
  0x0000000021999000 JavaThread "jar transforms Thread 6" [_thread_blocked, id=13700, stack(0x0000000023e10000,0x0000000023f10000)]
  0x000000002199b000 JavaThread "jar transforms Thread 5" [_thread_blocked, id=2924, stack(0x0000000023d10000,0x0000000023e10000)]
  0x0000000021999800 JavaThread "jar transforms Thread 4" [_thread_blocked, id=15660, stack(0x0000000023c10000,0x0000000023d10000)]
  0x0000000021997800 JavaThread "jar transforms Thread 3" [_thread_blocked, id=14276, stack(0x0000000023b10000,0x0000000023c10000)]
  0x000000002199c000 JavaThread "jar transforms Thread 2" [_thread_blocked, id=12732, stack(0x0000000023a10000,0x0000000023b10000)]
  0x000000002199a800 JavaThread "Build operations Thread 8" [_thread_blocked, id=14816, stack(0x0000000023810000,0x0000000023910000)]
  0x0000000021996000 JavaThread "Build operations Thread 7" [_thread_blocked, id=13348, stack(0x0000000023710000,0x0000000023810000)]
  0x000000001b3b9800 JavaThread "Build operations Thread 6" [_thread_blocked, id=3940, stack(0x0000000023610000,0x0000000023710000)]
  0x000000001b3b7000 JavaThread "Build operations Thread 5" [_thread_blocked, id=15040, stack(0x0000000023510000,0x0000000023610000)]
  0x000000001b3b5000 JavaThread "Build operations Thread 4" [_thread_blocked, id=15208, stack(0x0000000023410000,0x0000000023510000)]
  0x000000001b3b6800 JavaThread "Build operations Thread 3" [_thread_blocked, id=7652, stack(0x0000000023310000,0x0000000023410000)]
  0x000000001b3ba000 JavaThread "Build operations Thread 2" [_thread_blocked, id=14668, stack(0x0000000023210000,0x0000000023310000)]
  0x000000001b3b8800 JavaThread "Build operations" [_thread_blocked, id=4516, stack(0x0000000023110000,0x0000000023210000)]
  0x000000001c357800 JavaThread "Cache worker for file content cache (C:\Users\Gokul\.gradle\caches\6.5\fileContent)" [_thread_blocked, id=2428, stack(0x0000000022a10000,0x0000000022b10000)]
  0x000000001c356800 JavaThread "jar transforms" [_thread_blocked, id=8740, stack(0x0000000022180000,0x0000000022280000)]
  0x000000001c359800 JavaThread "Cache worker for execution history cache (C:\Users\Gokul\.gradle\caches\6.5\executionHistory)" [_thread_blocked, id=14884, stack(0x0000000022080000,0x0000000022180000)]
  0x000000001c354800 JavaThread "Cache worker for cache directory md-rule (C:\Users\Gokul\.gradle\caches\6.5\md-rule)" [_thread_blocked, id=10028, stack(0x0000000021f80000,0x0000000022080000)]
  0x000000001c359000 JavaThread "Cache worker for cache directory md-supplier (C:\Users\Gokul\.gradle\caches\6.5\md-supplier)" [_thread_blocked, id=9476, stack(0x0000000020dd0000,0x0000000020ed0000)]
  0x000000001c353800 JavaThread "Cache worker for checksums cache (C:\Users\Gokul\AndroidStudioProjects\Uthiramv007Twenty_Five\.gradle\checksums)" [_thread_blocked, id=11668, stack(0x0000000020a30000,0x0000000020b30000)]
  0x000000001c353000 JavaThread "Cache worker for file hash cache (C:\Users\Gokul\AndroidStudioProjects\Uthiramv007Twenty_Five\.gradle\6.5\fileHashes)" [_thread_blocked, id=4140, stack(0x0000000022310000,0x0000000022410000)]
  0x000000001c356000 JavaThread "Cache worker for file hash cache (C:\Users\Gokul\.gradle\caches\6.5\fileHashes)" [_thread_blocked, id=13816, stack(0x000000001e590000,0x000000001e690000)]
  0x000000001c355000 JavaThread "File lock request listener" [_thread_in_native, id=5764, stack(0x000000001e490000,0x000000001e590000)]
  0x000000001c316000 JavaThread "Cache worker for journal cache (C:\Users\Gokul\.gradle\caches\journal-1)" [_thread_blocked, id=12212, stack(0x000000001e390000,0x000000001e490000)]
  0x000000001c29e000 JavaThread "Thread-9" [_thread_blocked, id=468, stack(0x000000001e090000,0x000000001e190000)]
  0x000000001c28e800 JavaThread "Stdin handler" [_thread_blocked, id=15932, stack(0x000000001df90000,0x000000001e090000)]
  0x000000001c28d000 JavaThread "Asynchronous log dispatcher for DefaultDaemonConnection: socket connection from /127.0.0.1:51009 to /127.0.0.1:51010" [_thread_blocked, id=5496, stack(0x000000001de90000,0x000000001df90000)]
  0x000000001c25c000 JavaThread "Daemon worker" [_thread_in_Java, id=13656, stack(0x000000001dd90000,0x000000001de90000)]
  0x000000001c25a000 JavaThread "Cancel handler" [_thread_blocked, id=4540, stack(0x000000001dc90000,0x000000001dd90000)]
  0x000000001c243000 JavaThread "Handler for socket connection from /127.0.0.1:51009 to /127.0.0.1:51010" [_thread_in_native, id=15848, stack(0x000000001db90000,0x000000001dc90000)]
  0x000000001c241800 JavaThread "Daemon" [_thread_blocked, id=12592, stack(0x000000001d890000,0x000000001d990000)]
  0x000000001c224000 JavaThread "Daemon periodic checks" [_thread_blocked, id=13804, stack(0x000000001d790000,0x000000001d890000)]
  0x000000001c1c4800 JavaThread "Incoming local TCP Connector on port 51009" [_thread_in_native, id=8324, stack(0x000000001d550000,0x000000001d650000)]
  0x000000001bde0800 JavaThread "Daemon health stats" [_thread_blocked, id=15068, stack(0x000000001cf10000,0x000000001d010000)]
  0x0000000019701000 JavaThread "Service Thread" daemon [_thread_blocked, id=15704, stack(0x000000001a370000,0x000000001a470000)]
  0x00000000196ba000 JavaThread "C1 CompilerThread3" daemon [_thread_blocked, id=13304, stack(0x000000001a270000,0x000000001a370000)]
  0x00000000196a7000 JavaThread "C2 CompilerThread2" daemon [_thread_in_native, id=14768, stack(0x000000001a170000,0x000000001a270000)]
  0x00000000178bd800 JavaThread "C2 CompilerThread1" daemon [_thread_blocked, id=11052, stack(0x000000001a070000,0x000000001a170000)]
=>0x00000000196a3000 JavaThread "C2 CompilerThread0" daemon [_thread_in_native, id=11488, stack(0x0000000019f70000,0x000000001a070000)]
  0x00000000196a1000 JavaThread "Attach Listener" daemon [_thread_blocked, id=10788, stack(0x0000000019e70000,0x0000000019f70000)]
  0x00000000196a0000 JavaThread "Signal Dispatcher" daemon [_thread_blocked, id=14308, stack(0x0000000019d70000,0x0000000019e70000)]
  0x0000000019690800 JavaThread "Finalizer" daemon [_thread_blocked, id=6248, stack(0x0000000019b70000,0x0000000019c70000)]
  0x0000000002837000 JavaThread "Reference Handler" daemon [_thread_blocked, id=8092, stack(0x0000000019a70000,0x0000000019b70000)]
  0x0000000000ddd800 JavaThread "main" [_thread_blocked, id=11704, stack(0x0000000002590000,0x0000000002690000)]

Other Threads:
  0x00000000178a6000 VMThread [stack: 0x0000000019570000,0x0000000019670000] [id=14284]
  0x0000000019702000 WatcherThread [stack: 0x000000001a470000,0x000000001a570000] [id=5608]

VM state:not at safepoint (normal execution)

VM Mutex/Monitor currently owned by a thread: None

heap address: 0x0000000080000000, size: 2048 MB, Compressed Oops mode: 32-bit
Narrow klass base: 0x0000000000000000, Narrow klass shift: 3
Compressed class space size: 1073741824 Address: 0x0000000100000000

Heap:
 PSYoungGen      total 204800K, used 58346K [0x00000000d5580000, 0x00000000e3e80000, 0x0000000100000000)
  eden space 193024K, 24% used [0x00000000d5580000,0x00000000d82fd720,0x00000000e1200000)
  from space 11776K, 99% used [0x00000000e1200000,0x00000000e1d7d300,0x00000000e1d80000)
  to   space 17920K, 0% used [0x00000000e2d00000,0x00000000e2d00000,0x00000000e3e80000)
 ParOldGen       total 138240K, used 26757K [0x0000000080000000, 0x0000000088700000, 0x00000000d5580000)
  object space 138240K, 19% used [0x0000000080000000,0x0000000081a216e8,0x0000000088700000)
 Metaspace       used 54970K, capacity 57340K, committed 57512K, reserved 1099776K
  class space    used 7481K, capacity 7991K, committed 8104K, reserved 1048576K

Card table byte_map: [0x0000000011c00000,0x0000000012010000] byte_map_base: 0x0000000011800000

Marking Bits: (ParMarkBitMap*) 0x000000005a38f030
 Begin Bits: [0x0000000012ac0000, 0x0000000014ac0000)
 End Bits:   [0x0000000014ac0000, 0x0000000016ac0000)

Polling page: 0x0000000000d90000

CodeCache: size=245760Kb used=15632Kb max_used=16045Kb free=230128Kb
 bounds [0x0000000002840000, 0x0000000003800000, 0x0000000011840000]
 total_blobs=5345 nmethods=4581 adapters=677
 compilation: enabled

Compilation events (10 events):
Event: 8.500 Thread 0x00000000196ba000 4938       1       com.android.build.gradle.internal.core.VariantDslInfoImpl::getVariantType (5 bytes)
Event: 8.500 Thread 0x00000000196ba000 nmethod 4938 0x0000000002cf9810 code [0x0000000002cf9960, 0x0000000002cf9a70]
Event: 8.505 Thread 0x00000000196ba000 4939       1       com.android.build.api.artifact.impl.ArtifactContainer::getCurrent$gradle (5 bytes)
Event: 8.505 Thread 0x00000000196ba000 nmethod 4939 0x0000000002cf9550 code [0x0000000002cf96a0, 0x0000000002cf97b0]
Event: 8.507 Thread 0x00000000196ba000 4940       3       org.gradle.api.internal.project.DefaultProject::getIdentityPath (10 bytes)
Event: 8.507 Thread 0x00000000196ba000 nmethod 4940 0x0000000002cf9110 code [0x0000000002cf9280, 0x0000000002cf9430]
Event: 8.511 Thread 0x00000000196ba000 4941       1       org.gradle.api.internal.DefaultNamedDomainObjectCollection::getInstantiator (5 bytes)
Event: 8.511 Thread 0x00000000196ba000 nmethod 4941 0x0000000002d54d10 code [0x0000000002d54e60, 0x0000000002d54f70]
Event: 8.512 Thread 0x00000000196ba000 4942       1       org.gradle.api.internal.provider.FlatMapProvider::getType (2 bytes)
Event: 8.512 Thread 0x00000000196ba000 nmethod 4942 0x0000000002d54a50 code [0x0000000002d54ba0, 0x0000000002d54cb0]

GC Heap History (10 events):
Event: 5.291 GC heap before
{Heap before GC invocations=7 (full 1):
 PSYoungGen      total 75776K, used 73208K [0x00000000d5580000, 0x00000000dda00000, 0x0000000100000000)
  eden space 65024K, 100% used [0x00000000d5580000,0x00000000d9500000,0x00000000d9500000)
  from space 10752K, 76% used [0x00000000d9500000,0x00000000d9cfe118,0x00000000d9f80000)
  to   space 11776K, 0% used [0x00000000dce80000,0x00000000dce80000,0x00000000dda00000)
 ParOldGen       total 89600K, used 7192K [0x0000000080000000, 0x0000000085780000, 0x00000000d5580000)
  object space 89600K, 8% used [0x0000000080000000,0x00000000807063d8,0x0000000085780000)
 Metaspace       used 32867K, capacity 33888K, committed 34224K, reserved 1079296K
  class space    used 4469K, capacity 4718K, committed 4784K, reserved 1048576K
Event: 5.302 GC heap after
Heap after GC invocations=7 (full 1):
 PSYoungGen      total 122880K, used 9252K [0x00000000d5580000, 0x00000000dd980000, 0x0000000100000000)
  eden space 111616K, 0% used [0x00000000d5580000,0x00000000d5580000,0x00000000dc280000)
  from space 11264K, 82% used [0x00000000dce80000,0x00000000dd789020,0x00000000dd980000)
  to   space 11776K, 0% used [0x00000000dc280000,0x00000000dc280000,0x00000000dce00000)
 ParOldGen       total 89600K, used 7200K [0x0000000080000000, 0x0000000085780000, 0x00000000d5580000)
  object space 89600K, 8% used [0x0000000080000000,0x00000000807083d8,0x0000000085780000)
 Metaspace       used 32867K, capacity 33888K, committed 34224K, reserved 1079296K
  class space    used 4469K, capacity 4718K, committed 4784K, reserved 1048576K
}
Event: 5.535 GC heap before
{Heap before GC invocations=8 (full 1):
 PSYoungGen      total 122880K, used 37257K [0x00000000d5580000, 0x00000000dd980000, 0x0000000100000000)
  eden space 111616K, 25% used [0x00000000d5580000,0x00000000d70d9630,0x00000000dc280000)
  from space 11264K, 82% used [0x00000000dce80000,0x00000000dd789020,0x00000000dd980000)
  to   space 11776K, 0% used [0x00000000dc280000,0x00000000dc280000,0x00000000dce00000)
 ParOldGen       total 89600K, used 7200K [0x0000000080000000, 0x0000000085780000, 0x00000000d5580000)
  object space 89600K, 8% used [0x0000000080000000,0x00000000807083d8,0x0000000085780000)
 Metaspace       used 34230K, capacity 35376K, committed 35496K, reserved 1079296K
  class space    used 4690K, capacity 4969K, committed 5032K, reserved 1048576K
Event: 5.546 GC heap after
Heap after GC invocations=8 (full 1):
 PSYoungGen      total 123392K, used 7911K [0x00000000d5580000, 0x00000000e2d80000, 0x0000000100000000)
  eden space 111616K, 0% used [0x00000000d5580000,0x00000000d5580000,0x00000000dc280000)
  from space 11776K, 67% used [0x00000000dc280000,0x00000000dca39ea0,0x00000000dce00000)
  to   space 11776K, 0% used [0x00000000e2200000,0x00000000e2200000,0x00000000e2d80000)
 ParOldGen       total 89600K, used 7208K [0x0000000080000000, 0x0000000085780000, 0x00000000d5580000)
  object space 89600K, 8% used [0x0000000080000000,0x000000008070a3d8,0x0000000085780000)
 Metaspace       used 34230K, capacity 35376K, committed 35496K, reserved 1079296K
  class space    used 4690K, capacity 4969K, committed 5032K, reserved 1048576K
}
Event: 5.546 GC heap before
{Heap before GC invocations=9 (full 2):
 PSYoungGen      total 123392K, used 7911K [0x00000000d5580000, 0x00000000e2d80000, 0x0000000100000000)
  eden space 111616K, 0% used [0x00000000d5580000,0x00000000d5580000,0x00000000dc280000)
  from space 11776K, 67% used [0x00000000dc280000,0x00000000dca39ea0,0x00000000dce00000)
  to   space 11776K, 0% used [0x00000000e2200000,0x00000000e2200000,0x00000000e2d80000)
 ParOldGen       total 89600K, used 7208K [0x0000000080000000, 0x0000000085780000, 0x00000000d5580000)
  object space 89600K, 8% used [0x0000000080000000,0x000000008070a3d8,0x0000000085780000)
 Metaspace       used 34230K, capacity 35376K, committed 35496K, reserved 1079296K
  class space    used 4690K, capacity 4969K, committed 5032K, reserved 1048576K
Event: 5.613 GC heap after
Heap after GC invocations=9 (full 2):
 PSYoungGen      total 123392K, used 0K [0x00000000d5580000, 0x00000000e2d80000, 0x0000000100000000)
  eden space 111616K, 0% used [0x00000000d5580000,0x00000000d5580000,0x00000000dc280000)
  from space 11776K, 0% used [0x00000000dc280000,0x00000000dc280000,0x00000000dce00000)
  to   space 11776K, 0% used [0x00000000e2200000,0x00000000e2200000,0x00000000e2d80000)
 ParOldGen       total 138240K, used 14290K [0x0000000080000000, 0x0000000088700000, 0x00000000d5580000)
  object space 138240K, 10% used [0x0000000080000000,0x0000000080df4a90,0x0000000088700000)
 Metaspace       used 34230K, capacity 35376K, committed 35496K, reserved 1079296K
  class space    used 4690K, capacity 4969K, committed 5032K, reserved 1048576K
}
Event: 6.347 GC heap before
{Heap before GC invocations=10 (full 2):
 PSYoungGen      total 123392K, used 111616K [0x00000000d5580000, 0x00000000e2d80000, 0x0000000100000000)
  eden space 111616K, 100% used [0x00000000d5580000,0x00000000dc280000,0x00000000dc280000)
  from space 11776K, 0% used [0x00000000dc280000,0x00000000dc280000,0x00000000dce00000)
  to   space 11776K, 0% used [0x00000000e2200000,0x00000000e2200000,0x00000000e2d80000)
 ParOldGen       total 138240K, used 14290K [0x0000000080000000, 0x0000000088700000, 0x00000000d5580000)
  object space 138240K, 10% used [0x0000000080000000,0x0000000080df4a90,0x0000000088700000)
 Metaspace       used 36720K, capacity 38298K, committed 38440K, reserved 1083392K
  class space    used 5036K, capacity 5350K, committed 5416K, reserved 1048576K
Event: 6.353 GC heap after
Heap after GC invocations=10 (full 2):
 PSYoungGen      total 168960K, used 6945K [0x00000000d5580000, 0x00000000e2900000, 0x0000000100000000)
  eden space 161792K, 0% used [0x00000000d5580000,0x00000000d5580000,0x00000000df380000)
  from space 7168K, 96% used [0x00000000e2200000,0x00000000e28c85c8,0x00000000e2900000)
  to   space 11776K, 0% used [0x00000000e1200000,0x00000000e1200000,0x00000000e1d80000)
 ParOldGen       total 138240K, used 14298K [0x0000000080000000, 0x0000000088700000, 0x00000000d5580000)
  object space 138240K, 10% used [0x0000000080000000,0x0000000080df6a90,0x0000000088700000)
 Metaspace       used 36720K, capacity 38298K, committed 38440K, reserved 1083392K
  class space    used 5036K, capacity 5350K, committed 5416K, reserved 1048576K
}
Event: 8.043 GC heap before
{Heap before GC invocations=11 (full 2):
 PSYoungGen      total 168960K, used 168737K [0x00000000d5580000, 0x00000000e2900000, 0x0000000100000000)
  eden space 161792K, 100% used [0x00000000d5580000,0x00000000df380000,0x00000000df380000)
  from space 7168K, 96% used [0x00000000e2200000,0x00000000e28c85c8,0x00000000e2900000)
  to   space 11776K, 0% used [0x00000000e1200000,0x00000000e1200000,0x00000000e1d80000)
 ParOldGen       total 138240K, used 14298K [0x0000000080000000, 0x0000000088700000, 0x00000000d5580000)
  object space 138240K, 10% used [0x0000000080000000,0x0000000080df6a90,0x0000000088700000)
 Metaspace       used 51152K, capacity 53198K, committed 53416K, reserved 1095680K
  class space    used 6839K, capacity 7261K, committed 7336K, reserved 1048576K
Event: 8.064 GC heap after
Heap after GC invocations=11 (full 2):
 PSYoungGen      total 204800K, used 11764K [0x00000000d5580000, 0x00000000e3e80000, 0x0000000100000000)
  eden space 193024K, 0% used [0x00000000d5580000,0x00000000d5580000,0x00000000e1200000)
  from space 11776K, 99% used [0x00000000e1200000,0x00000000e1d7d300,0x00000000e1d80000)
  to   space 17920K, 0% used [0x00000000e2d00000,0x00000000e2d00000,0x00000000e3e80000)
 ParOldGen       total 138240K, used 26757K [0x0000000080000000, 0x0000000088700000, 0x00000000d5580000)
  object space 138240K, 19% used [0x0000000080000000,0x0000000081a216e8,0x0000000088700000)
 Metaspace       used 51152K, capacity 53198K, committed 53416K, reserved 1095680K
  class space    used 6839K, capacity 7261K, committed 7336K, reserved 1048576K
}

Deoptimization events (10 events):
Event: 7.222 Thread 0x000000001c25c000 Uncommon trap: reason=unstable_if action=reinterpret pc=0x00000000032d59c4 method=java.security.CodeSource.matchCerts(Ljava/security/CodeSource;Z)Z @ 11
Event: 7.241 Thread 0x000000001c25c000 Uncommon trap: reason=unstable_if action=reinterpret pc=0x00000000032290b8 method=java.util.LinkedHashMap.get(Ljava/lang/Object;)Ljava/lang/Object; @ 20
Event: 7.275 Thread 0x000000001c25c000 Uncommon trap: reason=unstable_if action=reinterpret pc=0x00000000032d0fd0 method=java.security.CodeSource.matchCerts(Ljava/security/CodeSource;Z)Z @ 11
Event: 7.541 Thread 0x000000001c25c000 Uncommon trap: reason=unstable_if action=reinterpret pc=0x00000000032b0bb0 method=org.gradle.internal.reflect.PropertyAccessorType.of(Ljava/lang/reflect/Method;)Lorg/gradle/internal/reflect/PropertyAccessorType; @ 56
Event: 7.811 Thread 0x000000001c25c000 Uncommon trap: reason=unstable_if action=reinterpret pc=0x00000000037965f4 method=com.sun.org.apache.xerces.internal.impl.XMLEntityScanner.checkBeforeLoad(Lcom/sun/xml/internal/stream/Entity$ScannedEntity;II)I @ 18
Event: 7.869 Thread 0x000000001c25c000 Uncommon trap: reason=unstable_if action=reinterpret pc=0x00000000035b2570 method=org.gradle.internal.instantiation.generator.AbstractClassGenerator$InjectionAnnotationValidator.validateMethod(Ljava/lang/reflect/Method;Lorg/gradle/internal/reflect/Propert
Event: 7.869 Thread 0x000000001c25c000 Uncommon trap: reason=unstable_if action=reinterpret pc=0x00000000035c3c44 method=org.gradle.internal.instantiation.generator.AbstractClassGenerator$InjectionAnnotationValidator.validateMethod(Ljava/lang/reflect/Method;Lorg/gradle/internal/reflect/Propert
Event: 7.902 Thread 0x000000001c25c000 Uncommon trap: reason=unstable_if action=reinterpret pc=0x00000000034dc4f8 method=org.codehaus.groovy.runtime.metaclass.MetaMethodIndex.isNonRealMethod(Lgroovy/lang/MetaMethod;)Z @ 4
Event: 7.903 Thread 0x000000001c25c000 Uncommon trap: reason=unstable_if action=reinterpret pc=0x00000000034bfdb0 method=groovy.lang.MetaClassImpl$1MOPIter.methodNameAction(Ljava/lang/Class;Lorg/codehaus/groovy/runtime/metaclass/MetaMethodIndex$Entry;)V @ 182
Event: 8.007 Thread 0x000000001c25c000 Uncommon trap: reason=null_check action=make_not_entrant pc=0x000000000301511c method=java.lang.Class.searchMethods([Ljava/lang/reflect/Method;Ljava/lang/String;[Ljava/lang/Class;)Ljava/lang/reflect/Method; @ 59

Classes redefined (0 events):
No events

Internal exceptions (10 events):
Event: 8.107 Thread 0x000000001c25c000 Exception <a 'java/lang/ClassNotFoundException': build_3t5k4uvc1wx9b421d42rqkb8t$_run_closure1$_closure4BeanInfo> (0x00000000d5d435b0) thrown at [C:\src\AOSP-openjdk-git\hotspot\src\share\vm\classfile\systemDictionary.cpp, line 210]
Event: 8.107 Thread 0x000000001c25c000 Exception <a 'java/lang/ClassNotFoundException': build_3t5k4uvc1wx9b421d42rqkb8t$_run_closure1$_closure4Customizer> (0x00000000d5d55110) thrown at [C:\src\AOSP-openjdk-git\hotspot\src\share\vm\classfile\systemDictionary.cpp, line 210]
Event: 8.109 Thread 0x000000001c25c000 Exception <a 'java/lang/ClassNotFoundException': build_3t5k4uvc1wx9b421d42rqkb8t$_run_closure1BeanInfo> (0x00000000d5d868c0) thrown at [C:\src\AOSP-openjdk-git\hotspot\src\share\vm\classfile\systemDictionary.cpp, line 210]
Event: 8.110 Thread 0x000000001c25c000 Exception <a 'java/lang/ClassNotFoundException': build_3t5k4uvc1wx9b421d42rqkb8t$_run_closure1Customizer> (0x00000000d5d97978) thrown at [C:\src\AOSP-openjdk-git\hotspot\src\share\vm\classfile\systemDictionary.cpp, line 210]
Event: 8.114 Thread 0x000000001c25c000 Exception <a 'java/lang/ClassNotFoundException': org/gradle/api/JavaVersionBeanInfo> (0x00000000d5dfbf08) thrown at [C:\src\AOSP-openjdk-git\hotspot\src\share\vm\classfile\systemDictionary.cpp, line 210]
Event: 8.115 Thread 0x000000001c25c000 Exception <a 'java/lang/ClassNotFoundException': org/gradle/api/JavaVersionCustomizer> (0x00000000d5e299a8) thrown at [C:\src\AOSP-openjdk-git\hotspot\src\share\vm\classfile\systemDictionary.cpp, line 210]
Event: 8.118 Thread 0x000000001c25c000 Exception <a 'java/lang/ClassNotFoundException': com/android/build/gradle/internal/CompileOptions_DecoratedBeanInfo> (0x00000000d5e8f5d8) thrown at [C:\src\AOSP-openjdk-git\hotspot\src\share\vm\classfile\systemDictionary.cpp, line 210]
Event: 8.119 Thread 0x000000001c25c000 Exception <a 'java/lang/ClassNotFoundException': com/android/build/gradle/internal/CompileOptionsBeanInfo> (0x00000000d5eaaed8) thrown at [C:\src\AOSP-openjdk-git\hotspot\src\share\vm\classfile\systemDictionary.cpp, line 210]
Event: 8.119 Thread 0x000000001c25c000 Exception <a 'java/lang/ClassNotFoundException': com/android/build/gradle/internal/CompileOptionsCustomizer> (0x00000000d5ec69d0) thrown at [C:\src\AOSP-openjdk-git\hotspot\src\share\vm\classfile\systemDictionary.cpp, line 210]
Event: 8.120 Thread 0x000000001c25c000 Exception <a 'java/lang/ClassNotFoundException': com/android/build/gradle/internal/CompileOptions_DecoratedCustomizer> (0x00000000d5ef7dd0) thrown at [C:\src\AOSP-openjdk-git\hotspot\src\share\vm\classfile\systemDictionary.cpp, line 210]

Events (10 events):
Event: 8.516 loading class com/android/build/gradle/internal/tasks/BundleToApkTask
Event: 8.516 loading class com/android/build/gradle/internal/tasks/BundleToApkTask done
Event: 8.517 loading class com/android/build/gradle/internal/tasks/BundleToApkTask$CreationAction$handleProvider$1
Event: 8.517 loading class com/android/build/gradle/internal/tasks/BundleToApkTask$CreationAction$handleProvider$1 done
Event: 8.518 loading class com/android/build/gradle/internal/tasks/BundleToStandaloneApkTask$CreationAction
Event: 8.518 loading class com/android/build/gradle/internal/tasks/BundleToStandaloneApkTask$CreationAction done
Event: 8.518 loading class com/android/build/gradle/internal/tasks/BundleToStandaloneApkTask
Event: 8.518 loading class com/android/build/gradle/internal/tasks/BundleToStandaloneApkTask done
Event: 8.519 loading class com/android/build/gradle/internal/tasks/BundleToStandaloneApkTask$CreationAction$handleProvider$1
Event: 8.519 loading class com/android/build/gradle/internal/tasks/BundleToStandaloneApkTask$CreationAction$handleProvider$1 done


Dynamic libraries:
0x00007ff67de50000 - 0x00007ff67de81000 	C:\Program Files\Android\Android Studio\jre\bin\java.exe
0x00007ffb9de90000 - 0x00007ffb9e086000 	C:\WINDOWS\SYSTEM32\ntdll.dll
0x00007ffb9c2a0000 - 0x00007ffb9c35d000 	C:\WINDOWS\System32\KERNEL32.DLL
0x00007ffb9bb10000 - 0x00007ffb9bdd9000 	C:\WINDOWS\System32\KERNELBASE.dll
0x00007ffb9c6e0000 - 0x00007ffb9c78c000 	C:\WINDOWS\System32\ADVAPI32.dll
0x00007ffb9c360000 - 0x00007ffb9c3fe000 	C:\WINDOWS\System32\msvcrt.dll
0x00007ffb9bf80000 - 0x00007ffb9c01c000 	C:\WINDOWS\System32\sechost.dll
0x00007ffb9c040000 - 0x00007ffb9c16b000 	C:\WINDOWS\System32\RPCRT4.dll
0x00007ffb9c790000 - 0x00007ffb9c930000 	C:\WINDOWS\System32\USER32.dll
0x00007ffb9b5d0000 - 0x00007ffb9b5f2000 	C:\WINDOWS\System32\win32u.dll
0x00007ffb9dbe0000 - 0x00007ffb9dc0a000 	C:\WINDOWS\System32\GDI32.dll
0x00007ffb9bde0000 - 0x00007ffb9beeb000 	C:\WINDOWS\System32\gdi32full.dll
0x00007ffb9b940000 - 0x00007ffb9b9dd000 	C:\WINDOWS\System32\msvcp_win.dll
0x00007ffb9b9e0000 - 0x00007ffb9bae0000 	C:\WINDOWS\System32\ucrtbase.dll
0x00007ffb9a9e0000 - 0x00007ffb9ac7b000 	C:\WINDOWS\WinSxS\amd64_microsoft.windows.common-controls_6595b64144ccf1df_6.0.19041.746_none_ca02b4b61b8320a4\COMCTL32.dll
0x00007ffb9bef0000 - 0x00007ffb9bf20000 	C:\WINDOWS\System32\IMM32.DLL
0x00000000589e0000 - 0x0000000058ab2000 	C:\Program Files\Android\Android Studio\jre\jre\bin\msvcr100.dll
0x0000000059bc0000 - 0x000000005a40b000 	C:\Program Files\Android\Android Studio\jre\jre\bin\server\jvm.dll
0x00007ffb9dc70000 - 0x00007ffb9dc78000 	C:\WINDOWS\System32\PSAPI.DLL
0x00007ffb82880000 - 0x00007ffb82889000 	C:\WINDOWS\SYSTEM32\WSOCK32.dll
0x00007ffb99120000 - 0x00007ffb9912a000 	C:\WINDOWS\SYSTEM32\VERSION.dll
0x00007ffb84e50000 - 0x00007ffb84e77000 	C:\WINDOWS\SYSTEM32\WINMM.dll
0x00007ffb9dde0000 - 0x00007ffb9de4b000 	C:\WINDOWS\System32\WS2_32.dll
0x00007ffb80690000 - 0x00007ffb8069f000 	C:\Program Files\Android\Android Studio\jre\jre\bin\verify.dll
0x00007ffb556b0000 - 0x00007ffb556d9000 	C:\Program Files\Android\Android Studio\jre\jre\bin\java.dll
0x00007ffb55690000 - 0x00007ffb556a6000 	C:\Program Files\Android\Android Studio\jre\jre\bin\zip.dll
0x00007ffb9cf20000 - 0x00007ffb9d662000 	C:\WINDOWS\System32\SHELL32.dll
0x00007ffb98930000 - 0x00007ffb990c0000 	C:\WINDOWS\SYSTEM32\windows.storage.dll
0x00007ffb9d670000 - 0x00007ffb9d9c6000 	C:\WINDOWS\System32\combase.dll
0x00007ffb9a940000 - 0x00007ffb9a96c000 	C:\WINDOWS\SYSTEM32\Wldp.dll
0x00007ffb9c990000 - 0x00007ffb9ca3e000 	C:\WINDOWS\System32\SHCORE.dll
0x00007ffb9c930000 - 0x00007ffb9c985000 	C:\WINDOWS\System32\shlwapi.dll
0x00007ffb9b500000 - 0x00007ffb9b526000 	C:\WINDOWS\SYSTEM32\profapi.dll
0x00007ffb62570000 - 0x00007ffb6258a000 	C:\Program Files\Android\Android Studio\jre\jre\bin\net.dll
0x00007ffb9a6d0000 - 0x00007ffb9a73a000 	C:\WINDOWS\system32\mswsock.dll
0x00007ffb5f4f0000 - 0x00007ffb5f503000 	C:\Program Files\Android\Android Studio\jre\jre\bin\nio.dll
0x00007ffb8d8e0000 - 0x00007ffb8d907000 	C:\Users\Gokul\.gradle\native\f6784746aeab05261644944871eae4fe03e0ef1612fff0a4a95f87b438bc6780\windows-amd64\native-platform.dll
0x00007ffb86810000 - 0x00007ffb8681d000 	C:\Program Files\Android\Android Studio\jre\jre\bin\management.dll
0x00007ffb9b350000 - 0x00007ffb9b368000 	C:\WINDOWS\SYSTEM32\CRYPTSP.dll
0x00007ffb9a080000 - 0x00007ffb9a0b4000 	C:\WINDOWS\system32\rsaenh.dll
0x00007ffb9bae0000 - 0x00007ffb9bb07000 	C:\WINDOWS\System32\bcrypt.dll
0x00007ffb9b480000 - 0x00007ffb9b4ae000 	C:\WINDOWS\SYSTEM32\USERENV.dll
0x00007ffb9b760000 - 0x00007ffb9b7e0000 	C:\WINDOWS\System32\bcryptprimitives.dll
0x00007ffb9a8e0000 - 0x00007ffb9a8ec000 	C:\WINDOWS\SYSTEM32\CRYPTBASE.dll
0x00007ffb9a3d0000 - 0x00007ffb9a40b000 	C:\WINDOWS\SYSTEM32\IPHLPAPI.DLL
0x00007ffb9ca40000 - 0x00007ffb9ca48000 	C:\WINDOWS\System32\NSI.dll
0x00007ffb91680000 - 0x00007ffb91697000 	C:\WINDOWS\SYSTEM32\dhcpcsvc6.DLL
0x00007ffb91660000 - 0x00007ffb9167d000 	C:\WINDOWS\SYSTEM32\dhcpcsvc.DLL
0x00007ffb9a410000 - 0x00007ffb9a4db000 	C:\WINDOWS\SYSTEM32\DNSAPI.dll
0x00007ffb916a0000 - 0x00007ffb916ab000 	C:\WINDOWS\SYSTEM32\WINNSI.DLL
0x00007ffb9aff0000 - 0x00007ffb9b1d4000 	C:\WINDOWS\SYSTEM32\dbghelp.dll

VM Arguments:
jvm_args: -Xmx2048m -Dfile.encoding=UTF-8 -Duser.country=IN -Duser.language=en -Duser.variant 
java_command: org.gradle.launcher.daemon.bootstrap.GradleDaemon 6.5
java_class_path (initial): C:\Users\Gokul\.gradle\wrapper\dists\gradle-6.5-bin\6nifqtx7604sqp1q6g8wikw7p\gradle-6.5\lib\gradle-launcher-6.5.jar
Launcher Type: SUN_STANDARD

Environment Variables:
PATH=C:\Program Files (x86)\Common Files\Intel\Shared Libraries\redist\intel64\compiler;C:\Program Files (x86)\Common Files\Oracle\Java\javapath;C:\Windows\system32;C:\Windows;C:\Windows\System32\Wbem;C:\Windows\System32\WindowsPowerShell\v1.0\;C:\Windows\System32\OpenSSH\;C:\Program Files (x86)\NVIDIA Corporation\PhysX\Common;C:\Program Files\NVIDIA Corporation\NVIDIA NvDLISR;C:\WINDOWS\system32;C:\WINDOWS;C:\WINDOWS\System32\Wbem;C:\WINDOWS\System32\WindowsPowerShell\v1.0\;C:\WINDOWS\System32\OpenSSH\;C:\Program Files\Git\cmd;C:\Users\Gokul\AppData\Local\Microsoft\WindowsApps;;C:\Program Files\JetBrains\IntelliJ IDEA 2020.3.1\bin;
USERNAME=Gokul
OS=Windows_NT
PROCESSOR_IDENTIFIER=Intel64 Family 6 Model 158 Stepping 10, GenuineIntel



---------------  S Y S T E M  ---------------

OS: Windows 10.0 , 64 bit Build 19041 (10.0.19041.804)

CPU:total 8 (initial active 8) (4 cores per cpu, 2 threads per core) family 6 model 158 stepping 10, cmov, cx8, fxsr, mmx, sse, sse2, sse3, ssse3, sse4.1, sse4.2, popcnt, avx, avx2, aes, clmul, erms, 3dnowpref, lzcnt, ht, tsc, tscinvbit, bmi1, bmi2, adx

Memory: 4k page, physical 16610356k(8697488k free), swap 24212532k(13849644k free)

vm_info: OpenJDK 64-Bit Server VM (25.242-b01) for windows-amd64 JRE (1.8.0_242-release-1644-b01), built by "builder" with MS VC++ 10.0 (VS2010)

time: Mon Feb 15 12:42:08 2021
timezone: India Standard Time
elapsed time: 8 seconds (0d 0h 0m 8s)

