#
# A fatal error has been detected by the Java Runtime Environment:
#
#  EXCEPTION_ACCESS_VIOLATION (0xc0000005) at pc=0x0000000059caf6e2, pid=15692, tid=0x00000000000006e8
#
# JRE version: OpenJDK Runtime Environment (8.0_242-b01) (build 1.8.0_242-release-1644-b01)
# Java VM: OpenJDK 64-Bit Server VM (25.242-b01 mixed mode windows-amd64 compressed oops)
# Problematic frame:
# V  [jvm.dll+0xef6e2]
#
# Failed to write core dump. Minidumps are not enabled by default on client versions of Windows
#
# If you would like to submit a bug report, please visit:
#   
#

---------------  T H R E A D  ---------------

Current thread (0x0000000002fca800):  GCTaskThread [stack: 0x0000000012dd0000,0x0000000012ed0000] [id=1768]

siginfo: ExceptionCode=0xc0000005, reading address 0xffffffffffffffff

Registers:
RAX=0x00000000133d0000, RBX=0x0000000000010000, RCX=0x0000000000000000, RDX=0x00000000dbfd0c14
RSP=0x0000000012ecf3e0, RBP=0x0000000100005b10, RSI=0x00000000030a46f0, RDI=0x00000000030a46f0
R8 =0x0000000000000000, R9 =0x007fffffffc00080, R10=0x000000000000000c, R11=0x000000000000010b
R12=0x000000005a1dc4d8, R13=0x0000000002fc2970, R14=0x0000000002fcabd0, R15=0x0000000000000000
RIP=0x0000000059caf6e2, EFLAGS=0x0000000000010246

Top of Stack: (sp=0x0000000012ecf3e0)
0x0000000012ecf3e0:   00000000dbfd0ab0 0000000059caf9d6
0x0000000012ecf3f0:   00000000dbfd0c00 00000000dbfd0aac
0x0000000012ecf400:   00000000dbfd0c14 0000000059cbfead
0x0000000012ecf410:   00000000dbfd0c00 0000000002fcabd0
0x0000000012ecf420:   0000000002fc2970 0000000000000002
0x0000000012ecf430:   0000000000000002 0000000059f89af0
0x0000000012ecf440:   000000000000010b 0000000000000000
0x0000000012ecf450:   00000000030a46f0 000000005a1dc4d8
0x0000000012ecf460:   00000000dbfce328 0000000059f8d9d8
0x0000000012ecf470:   000000005a38f030 0000000000000005
0x0000000012ecf480:   0000000000000000 000001850000009b
0x0000000012ecf490:   00000000dbfc7118 0000000059caf9d6
0x0000000012ecf4a0:   00000000dbfce328 0000000002fc2970
0x0000000012ecf4b0:   0000000002fcabe0 0000000002fcabd0
0x0000000012ecf4c0:   000000005a1dc4d8 0000000000000002
0x0000000012ecf4d0:   000000001fde2f80 0000000000000000 

Instructions: (pc=0x0000000059caf6e2)
0x0000000059caf6c2:   6a f9 6d 00 49 c1 e9 03 49 d3 e9 41 0f b6 c1 49
0x0000000059caf6d2:   c1 e9 06 24 3f 44 0f b6 c0 48 8b 05 7e f9 6d 00
0x0000000059caf6e2:   4a 8b 0c c8 4c 0f a3 c1 72 17 48 8b cb e8 0c 81
0x0000000059caf6f2:   ff ff 84 c0 74 0b 48 8b d3 48 8b cf e8 ad ec ff 


Register to memory mapping:

RAX=0x00000000133d0000 is an unknown value
RBX=0x0000000000010000 is an unknown value
RCX=0x0000000000000000 is an unknown value
RDX=0x00000000dbfd0c14 is an unknown value
RSP=0x0000000012ecf3e0 is an unknown value
RBP=0x0000000100005b10 is pointing into metadata
RSI=0x00000000030a46f0 is an unknown value
RDI=0x00000000030a46f0 is an unknown value
R8 =0x0000000000000000 is an unknown value
R9 =0x007fffffffc00080 is an unknown value
R10=0x000000000000000c is an unknown value
R11=0x000000000000010b is an unknown value
R12=0x000000005a1dc4d8 is an unknown value
R13=0x0000000002fc2970 is an unknown value
R14=0x0000000002fcabd0 is an unknown value
R15=0x0000000000000000 is an unknown value


Stack: [0x0000000012dd0000,0x0000000012ed0000],  sp=0x0000000012ecf3e0,  free space=1020k
Native frames: (J=compiled Java code, j=interpreted, Vv=VM code, C=native code)
V  [jvm.dll+0xef6e2]
V  [jvm.dll+0xffead]
V  [jvm.dll+0x3c9af0]
V  [jvm.dll+0x3c73ef]
V  [jvm.dll+0x3c482e]
V  [jvm.dll+0x27276a]
C  [msvcr100.dll+0x21d9f]
C  [msvcr100.dll+0x21e3b]
C  [KERNEL32.DLL+0x17034]
C  [ntdll.dll+0x4d241]


---------------  P R O C E S S  ---------------

Java Threads: ( => current thread )
  0x000000001cc9d000 JavaThread "Cache worker for file content cache (C:\Users\Gokul\.gradle\caches\6.5\fileContent)" [_thread_blocked, id=10668, stack(0x00000000232c0000,0x00000000233c0000)]
  0x000000001cca3000 JavaThread "jar transforms" [_thread_blocked, id=1608, stack(0x00000000231c0000,0x00000000232c0000)]
  0x000000001cca0000 JavaThread "Cache worker for execution history cache (C:\Users\Gokul\.gradle\caches\6.5\executionHistory)" [_thread_blocked, id=12460, stack(0x0000000022ac0000,0x0000000022bc0000)]
  0x000000001cca0800 JavaThread "Cache worker for cache directory md-rule (C:\Users\Gokul\.gradle\caches\6.5\md-rule)" [_thread_blocked, id=13096, stack(0x00000000229c0000,0x0000000022ac0000)]
  0x000000001cca2000 JavaThread "Cache worker for cache directory md-supplier (C:\Users\Gokul\.gradle\caches\6.5\md-supplier)" [_thread_blocked, id=16164, stack(0x00000000228c0000,0x00000000229c0000)]
  0x000000001cc9e800 JavaThread "Cache worker for checksums cache (C:\Users\Gokul\AndroidStudioProjects\Uthiramv007Twenty_Five\.gradle\checksums)" [_thread_blocked, id=4152, stack(0x0000000021710000,0x0000000021810000)]
  0x000000001cca1800 JavaThread "Cache worker for file hash cache (C:\Users\Gokul\AndroidStudioProjects\Uthiramv007Twenty_Five\.gradle\6.5\fileHashes)" [_thread_blocked, id=1492, stack(0x0000000021400000,0x0000000021500000)]
  0x000000001cc9f000 JavaThread "Cache worker for file hash cache (C:\Users\Gokul\.gradle\caches\6.5\fileHashes)" [_thread_blocked, id=13120, stack(0x000000001eec0000,0x000000001efc0000)]
  0x000000001cc9d800 JavaThread "File lock request listener" [_thread_in_native, id=5768, stack(0x000000001edc0000,0x000000001eec0000)]
  0x000000001af58800 JavaThread "Cache worker for journal cache (C:\Users\Gokul\.gradle\caches\journal-1)" [_thread_blocked, id=1160, stack(0x000000001ecc0000,0x000000001edc0000)]
  0x000000001ca8e000 JavaThread "Thread-9" [_thread_blocked, id=5128, stack(0x000000001e9c0000,0x000000001eac0000)]
  0x000000001caa0000 JavaThread "Stdin handler" [_thread_blocked, id=15056, stack(0x000000001e8c0000,0x000000001e9c0000)]
  0x000000001ca9e000 JavaThread "Asynchronous log dispatcher for DefaultDaemonConnection: socket connection from /127.0.0.1:51016 to /127.0.0.1:51017" [_thread_blocked, id=13904, stack(0x000000001e7c0000,0x000000001e8c0000)]
  0x000000001cad4000 JavaThread "Daemon worker" [_thread_blocked, id=15552, stack(0x000000001e6c0000,0x000000001e7c0000)]
  0x000000001ca9b000 JavaThread "Cancel handler" [_thread_blocked, id=7720, stack(0x000000001e5c0000,0x000000001e6c0000)]
  0x000000001ca87800 JavaThread "Handler for socket connection from /127.0.0.1:51016 to /127.0.0.1:51017" [_thread_in_native, id=8704, stack(0x000000001e4c0000,0x000000001e5c0000)]
  0x000000001ca80800 JavaThread "Daemon" [_thread_blocked, id=4828, stack(0x000000001e3c0000,0x000000001e4c0000)]
  0x000000001ca15800 JavaThread "Daemon periodic checks" [_thread_blocked, id=13300, stack(0x000000001e0c0000,0x000000001e1c0000)]
  0x000000001ca14000 JavaThread "Incoming local TCP Connector on port 51016" [_thread_in_native, id=14556, stack(0x000000001de80000,0x000000001df80000)]
  0x000000001c9da800 JavaThread "Daemon health stats" [_thread_blocked, id=12072, stack(0x000000001d840000,0x000000001d940000)]
  0x000000001a074800 JavaThread "Service Thread" daemon [_thread_blocked, id=13956, stack(0x000000001aca0000,0x000000001ada0000)]
  0x0000000019fea800 JavaThread "C1 CompilerThread3" daemon [_thread_blocked, id=14628, stack(0x000000001aba0000,0x000000001aca0000)]
  0x0000000019fd8800 JavaThread "C2 CompilerThread2" daemon [_thread_blocked, id=15124, stack(0x000000001aaa0000,0x000000001aba0000)]
  0x0000000019fd6800 JavaThread "C2 CompilerThread1" daemon [_thread_in_native, id=13216, stack(0x000000001a9a0000,0x000000001aaa0000)]
  0x00000000181c9000 JavaThread "C2 CompilerThread0" daemon [_thread_in_native, id=10764, stack(0x000000001a8a0000,0x000000001a9a0000)]
  0x0000000019fd4000 JavaThread "Attach Listener" daemon [_thread_blocked, id=9456, stack(0x000000001a7a0000,0x000000001a8a0000)]
  0x0000000019fd3000 JavaThread "Signal Dispatcher" daemon [_thread_blocked, id=12076, stack(0x000000001a6a0000,0x000000001a7a0000)]
  0x0000000019fc0800 JavaThread "Finalizer" daemon [_thread_blocked, id=13072, stack(0x000000001a4a0000,0x000000001a5a0000)]
  0x00000000030a8000 JavaThread "Reference Handler" daemon [_thread_blocked, id=16012, stack(0x000000001a3a0000,0x000000001a4a0000)]
  0x000000000314d800 JavaThread "main" [_thread_blocked, id=16212, stack(0x0000000002e10000,0x0000000002f10000)]

Other Threads:
  0x00000000181b6000 VMThread [stack: 0x0000000019ea0000,0x0000000019fa0000] [id=6308]
  0x000000001a075800 WatcherThread [stack: 0x000000001ada0000,0x000000001aea0000] [id=14020]

=>0x0000000002fca800 (exited) GCTaskThread [stack: 0x0000000012dd0000,0x0000000012ed0000] [id=1768]

VM state:at safepoint (normal execution)

VM Mutex/Monitor currently owned by a thread:  ([mutex/lock_event])
[0x000000000314cc80] Threads_lock - owner thread: 0x00000000181b6000
[0x000000000314d100] Heap_lock - owner thread: 0x000000001cad4000

heap address: 0x0000000080000000, size: 2048 MB, Compressed Oops mode: 32-bit
Narrow klass base: 0x0000000000000000, Narrow klass shift: 3
Compressed class space size: 1073741824 Address: 0x0000000100000000

Heap:
 PSYoungGen      total 114176K, used 7960K [0x00000000d5580000, 0x00000000e1480000, 0x0000000100000000)
  eden space 102400K, 0% used [0x00000000d5580000,0x00000000d5580000,0x00000000db980000)
  from space 11776K, 67% used [0x00000000db980000,0x00000000dc146070,0x00000000dc500000)
  to   space 11776K, 0% used [0x00000000e0900000,0x00000000e0900000,0x00000000e1480000)
 ParOldGen       total 97792K, used 7244K [0x0000000080000000, 0x0000000085f80000, 0x00000000d5580000)
  object space 97792K, 7% used [0x0000000080000000,0x0000000080713000,0x0000000085f80000)
 Metaspace       used 34251K, capacity 35376K, committed 35496K, reserved 1079296K
  class space    used 4696K, capacity 4969K, committed 5032K, reserved 1048576K

Card table byte_map: [0x0000000012510000,0x0000000012920000] byte_map_base: 0x0000000012110000

Marking Bits: (ParMarkBitMap*) 0x000000005a38f030
 Begin Bits: [0x00000000133d0000, 0x00000000153d0000)
 End Bits:   [0x00000000153d0000, 0x00000000173d0000)

Polling page: 0x00000000015a0000

CodeCache: size=245760Kb used=10375Kb max_used=10375Kb free=235384Kb
 bounds [0x0000000003150000, 0x0000000003b80000, 0x0000000012150000]
 total_blobs=3411 nmethods=2725 adapters=599
 compilation: enabled

Compilation events (10 events):
Event: 4.756 Thread 0x0000000019fea800 2724   !   3       java.lang.reflect.Field::declaredAnnotations (82 bytes)
Event: 4.757 Thread 0x0000000019fea800 nmethod 2724 0x0000000003b72290 code [0x0000000003b72440, 0x0000000003b72b88]
Event: 4.757 Thread 0x0000000019fea800 2725       3       java.lang.invoke.LambdaForm$MH/885284298::linkToTargetMethod (8 bytes)
Event: 4.757 Thread 0x0000000019fea800 nmethod 2725 0x0000000003b72ed0 code [0x0000000003b73040, 0x0000000003b733f8]
Event: 4.757 Thread 0x0000000019fea800 2726       3       java.lang.invoke.LambdaForm$MH/317574433::identity_L (8 bytes)
Event: 4.757 Thread 0x0000000019fea800 nmethod 2726 0x0000000003b734d0 code [0x0000000003b73640, 0x0000000003b738d0]
Event: 4.781 Thread 0x0000000019fea800 2730   !   3       java.lang.invoke.MethodHandleNatives::linkMethodHandleConstant (154 bytes)
Event: 4.782 Thread 0x0000000019fea800 nmethod 2730 0x0000000003b73990 code [0x0000000003b73be0, 0x0000000003b74798]
Event: 4.782 Thread 0x0000000019fea800 2731       3       java.lang.invoke.MethodHandles$Lookup::linkMethodHandleConstant (185 bytes)
Event: 4.783 Thread 0x0000000019fea800 nmethod 2731 0x0000000003b74d90 code [0x0000000003b75040, 0x0000000003b764f8]

GC Heap History (10 events):
Event: 3.339 GC heap after
Heap after GC invocations=4 (full 0):
 PSYoungGen      total 75776K, used 7429K [0x00000000d5580000, 0x00000000de980000, 0x0000000100000000)
  eden space 65024K, 0% used [0x00000000d5580000,0x00000000d5580000,0x00000000d9500000)
  from space 10752K, 69% used [0x00000000d9f80000,0x00000000da6c1458,0x00000000daa00000)
  to   space 10752K, 0% used [0x00000000d9500000,0x00000000d9500000,0x00000000d9f80000)
 ParOldGen       total 173568K, used 729K [0x0000000080000000, 0x000000008a980000, 0x00000000d5580000)
  object space 173568K, 0% used [0x0000000080000000,0x00000000800b6750,0x000000008a980000)
 Metaspace       used 20578K, capacity 21224K, committed 21296K, reserved 1067008K
  class space    used 2872K, capacity 3076K, committed 3120K, reserved 1048576K
}
Event: 3.339 GC heap before
{Heap before GC invocations=5 (full 1):
 PSYoungGen      total 75776K, used 7429K [0x00000000d5580000, 0x00000000de980000, 0x0000000100000000)
  eden space 65024K, 0% used [0x00000000d5580000,0x00000000d5580000,0x00000000d9500000)
  from space 10752K, 69% used [0x00000000d9f80000,0x00000000da6c1458,0x00000000daa00000)
  to   space 10752K, 0% used [0x00000000d9500000,0x00000000d9500000,0x00000000d9f80000)
 ParOldGen       total 173568K, used 729K [0x0000000080000000, 0x000000008a980000, 0x00000000d5580000)
  object space 173568K, 0% used [0x0000000080000000,0x00000000800b6750,0x000000008a980000)
 Metaspace       used 20578K, capacity 21224K, committed 21296K, reserved 1067008K
  class space    used 2872K, capacity 3076K, committed 3120K, reserved 1048576K
Event: 3.378 GC heap after
Heap after GC invocations=5 (full 1):
 PSYoungGen      total 75776K, used 0K [0x00000000d5580000, 0x00000000de980000, 0x0000000100000000)
  eden space 65024K, 0% used [0x00000000d5580000,0x00000000d5580000,0x00000000d9500000)
  from space 10752K, 0% used [0x00000000d9f80000,0x00000000d9f80000,0x00000000daa00000)
  to   space 10752K, 0% used [0x00000000d9500000,0x00000000d9500000,0x00000000d9f80000)
 ParOldGen       total 97792K, used 7220K [0x0000000080000000, 0x0000000085f80000, 0x00000000d5580000)
  object space 97792K, 7% used [0x0000000080000000,0x000000008070d000,0x0000000085f80000)
 Metaspace       used 20578K, capacity 21224K, committed 21296K, reserved 1067008K
  class space    used 2872K, capacity 3076K, committed 3120K, reserved 1048576K
}
Event: 4.021 GC heap before
{Heap before GC invocations=6 (full 1):
 PSYoungGen      total 75776K, used 65024K [0x00000000d5580000, 0x00000000de980000, 0x0000000100000000)
  eden space 65024K, 100% used [0x00000000d5580000,0x00000000d9500000,0x00000000d9500000)
  from space 10752K, 0% used [0x00000000d9f80000,0x00000000d9f80000,0x00000000daa00000)
  to   space 10752K, 0% used [0x00000000d9500000,0x00000000d9500000,0x00000000d9f80000)
 ParOldGen       total 97792K, used 7220K [0x0000000080000000, 0x0000000085f80000, 0x00000000d5580000)
  object space 97792K, 7% used [0x0000000080000000,0x000000008070d000,0x0000000085f80000)
 Metaspace       used 28575K, capacity 29382K, committed 29616K, reserved 1075200K
  class space    used 3933K, capacity 4149K, committed 4272K, reserved 1048576K
Event: 4.026 GC heap after
Heap after GC invocations=6 (full 1):
 PSYoungGen      total 75776K, used 8219K [0x00000000d5580000, 0x00000000dd100000, 0x0000000100000000)
  eden space 65024K, 0% used [0x00000000d5580000,0x00000000d5580000,0x00000000d9500000)
  from space 10752K, 76% used [0x00000000d9500000,0x00000000d9d06f08,0x00000000d9f80000)
  to   space 11776K, 0% used [0x00000000dc580000,0x00000000dc580000,0x00000000dd100000)
 ParOldGen       total 97792K, used 7228K [0x0000000080000000, 0x0000000085f80000, 0x00000000d5580000)
  object space 97792K, 7% used [0x0000000080000000,0x000000008070f000,0x0000000085f80000)
 Metaspace       used 28575K, capacity 29382K, committed 29616K, reserved 1075200K
  class space    used 3933K, capacity 4149K, committed 4272K, reserved 1048576K
}
Event: 4.581 GC heap before
{Heap before GC invocations=7 (full 1):
 PSYoungGen      total 75776K, used 73243K [0x00000000d5580000, 0x00000000dd100000, 0x0000000100000000)
  eden space 65024K, 100% used [0x00000000d5580000,0x00000000d9500000,0x00000000d9500000)
  from space 10752K, 76% used [0x00000000d9500000,0x00000000d9d06f08,0x00000000d9f80000)
  to   space 11776K, 0% used [0x00000000dc580000,0x00000000dc580000,0x00000000dd100000)
 ParOldGen       total 97792K, used 7228K [0x0000000080000000, 0x0000000085f80000, 0x00000000d5580000)
  object space 97792K, 7% used [0x0000000080000000,0x000000008070f000,0x0000000085f80000)
 Metaspace       used 32872K, capacity 33920K, committed 34224K, reserved 1079296K
  class space    used 4475K, capacity 4750K, committed 4784K, reserved 1048576K
Event: 4.588 GC heap after
Heap after GC invocations=7 (full 1):
 PSYoungGen      total 113664K, used 9316K [0x00000000d5580000, 0x00000000dd080000, 0x0000000100000000)
  eden space 102400K, 0% used [0x00000000d5580000,0x00000000d5580000,0x00000000db980000)
  from space 11264K, 82% used [0x00000000dc580000,0x00000000dce99250,0x00000000dd080000)
  to   space 11776K, 0% used [0x00000000db980000,0x00000000db980000,0x00000000dc500000)
 ParOldGen       total 97792K, used 7236K [0x0000000080000000, 0x0000000085f80000, 0x00000000d5580000)
  object space 97792K, 7% used [0x0000000080000000,0x0000000080711000,0x0000000085f80000)
 Metaspace       used 32872K, capacity 33920K, committed 34224K, reserved 1079296K
  class space    used 4475K, capacity 4750K, committed 4784K, reserved 1048576K
}
Event: 4.795 GC heap before
{Heap before GC invocations=8 (full 1):
 PSYoungGen      total 113664K, used 39042K [0x00000000d5580000, 0x00000000dd080000, 0x0000000100000000)
  eden space 102400K, 29% used [0x00000000d5580000,0x00000000d7287608,0x00000000db980000)
  from space 11264K, 82% used [0x00000000dc580000,0x00000000dce99250,0x00000000dd080000)
  to   space 11776K, 0% used [0x00000000db980000,0x00000000db980000,0x00000000dc500000)
 ParOldGen       total 97792K, used 7236K [0x0000000080000000, 0x0000000085f80000, 0x00000000d5580000)
  object space 97792K, 7% used [0x0000000080000000,0x0000000080711000,0x0000000085f80000)
 Metaspace       used 34251K, capacity 35376K, committed 35496K, reserved 1079296K
  class space    used 4696K, capacity 4969K, committed 5032K, reserved 1048576K
Event: 4.806 GC heap after
Heap after GC invocations=8 (full 1):
 PSYoungGen      total 114176K, used 7960K [0x00000000d5580000, 0x00000000e1480000, 0x0000000100000000)
  eden space 102400K, 0% used [0x00000000d5580000,0x00000000d5580000,0x00000000db980000)
  from space 11776K, 67% used [0x00000000db980000,0x00000000dc146070,0x00000000dc500000)
  to   space 11776K, 0% used [0x00000000e0900000,0x00000000e0900000,0x00000000e1480000)
 ParOldGen       total 97792K, used 7244K [0x0000000080000000, 0x0000000085f80000, 0x00000000d5580000)
  object space 97792K, 7% used [0x0000000080000000,0x0000000080713000,0x0000000085f80000)
 Metaspace       used 34251K, capacity 35376K, committed 35496K, reserved 1079296K
  class space    used 4696K, capacity 4969K, committed 5032K, reserved 1048576K
}
Event: 4.806 GC heap before
{Heap before GC invocations=9 (full 2):
 PSYoungGen      total 114176K, used 7960K [0x00000000d5580000, 0x00000000e1480000, 0x0000000100000000)
  eden space 102400K, 0% used [0x00000000d5580000,0x00000000d5580000,0x00000000db980000)
  from space 11776K, 67% used [0x00000000db980000,0x00000000dc146070,0x00000000dc500000)
  to   space 11776K, 0% used [0x00000000e0900000,0x00000000e0900000,0x00000000e1480000)
 ParOldGen       total 97792K, used 7244K [0x0000000080000000, 0x0000000085f80000, 0x00000000d5580000)
  object space 97792K, 7% used [0x0000000080000000,0x0000000080713000,0x0000000085f80000)
 Metaspace       used 34251K, capacity 35376K, committed 35496K, reserved 1079296K
  class space    used 4696K, capacity 4969K, committed 5032K, reserved 1048576K

Deoptimization events (10 events):
Event: 4.026 Thread 0x00000000030a8000 Uncommon trap: reason=unstable_if action=reinterpret pc=0x0000000003749f7c method=java.lang.ref.Reference.tryHandlePending(Z)Z @ 104
Event: 4.065 Thread 0x000000001cad4000 Uncommon trap: reason=unstable_if action=reinterpret pc=0x0000000003756c6c method=java.net.URLClassLoader.defineClass(Ljava/lang/String;Lsun/misc/Resource;)Ljava/lang/Class; @ 21
Event: 4.066 Thread 0x000000001cad4000 Uncommon trap: reason=unstable_if action=reinterpret pc=0x000000000364a6f4 method=java.lang.ClassLoader.getClassLoadingLock(Ljava/lang/String;)Ljava/lang/Object; @ 6
Event: 4.285 Thread 0x000000001cad4000 Uncommon trap: reason=unstable_if action=reinterpret pc=0x00000000036f3dc4 method=java.util.HashMap.getNode(ILjava/lang/Object;)Ljava/util/HashMap$Node; @ 53
Event: 4.363 Thread 0x000000001cad4000 Uncommon trap: reason=unstable_if action=reinterpret pc=0x000000000392f534 method=org.gradle.internal.reflect.PropertyAccessorType.isGetGetterName(Ljava/lang/String;)Z @ 14
Event: 4.392 Thread 0x000000001cad4000 Uncommon trap: reason=unstable_if action=reinterpret pc=0x000000000383b9c0 method=org.objectweb.asm.ByteVector.putShort(I)Lorg/objectweb/asm/ByteVector; @ 13
Event: 4.478 Thread 0x000000001cad4000 Uncommon trap: reason=unstable_if action=reinterpret pc=0x00000000037a1690 method=java.net.URLClassLoader.defineClass(Ljava/lang/String;Lsun/misc/Resource;)Ljava/lang/Class; @ 21
Event: 4.542 Thread 0x000000001cad4000 Uncommon trap: reason=unstable_if action=reinterpret pc=0x0000000003aee700 method=org.codehaus.groovy.runtime.metaclass.MetaMethodIndex.addMethodToList(Ljava/lang/Object;Lgroovy/lang/MetaMethod;)Ljava/lang/Object; @ 226
Event: 4.563 Thread 0x000000001cad4000 Uncommon trap: reason=class_check action=maybe_recompile pc=0x00000000038a89a8 method=java.util.WeakHashMap.eq(Ljava/lang/Object;Ljava/lang/Object;)Z @ 7
Event: 4.608 Thread 0x000000001cad4000 Uncommon trap: reason=range_check action=make_not_entrant pc=0x0000000003b0e488 method=java.lang.String.charAt(I)C @ 27

Classes redefined (0 events):
No events

Internal exceptions (10 events):
Event: 4.562 Thread 0x000000001cad4000 Exception <a 'java/lang/ClassNotFoundException': org/gradle/api/internal/DefaultNamedDomainObjectCollectionCustomizer> (0x00000000d9172e30) thrown at [C:\src\AOSP-openjdk-git\hotspot\src\share\vm\classfile\systemDictionary.cpp, line 210]
Event: 4.566 Thread 0x000000001cad4000 Exception <a 'java/lang/ClassNotFoundException': org/gradle/api/internal/DefaultNamedDomainObjectListCustomizer> (0x00000000d91e78f0) thrown at [C:\src\AOSP-openjdk-git\hotspot\src\share\vm\classfile\systemDictionary.cpp, line 210]
Event: 4.567 Thread 0x000000001cad4000 Exception <a 'java/lang/ClassNotFoundException': org/gradle/api/internal/artifacts/DefaultArtifactRepositoryContainerCustomizer> (0x00000000d925c6e8) thrown at [C:\src\AOSP-openjdk-git\hotspot\src\share\vm\classfile\systemDictionary.cpp, line 210]
Event: 4.569 Thread 0x000000001cad4000 Exception <a 'java/lang/ClassNotFoundException': org/gradle/api/internal/artifacts/dsl/DefaultRepositoryHandlerCustomizer> (0x00000000d92c1990) thrown at [C:\src\AOSP-openjdk-git\hotspot\src\share\vm\classfile\systemDictionary.cpp, line 210]
Event: 4.570 Thread 0x000000001cad4000 Exception <a 'java/lang/ClassNotFoundException': org/gradle/api/internal/artifacts/dsl/DefaultRepositoryHandler_DecoratedCustomizer> (0x00000000d9345128) thrown at [C:\src\AOSP-openjdk-git\hotspot\src\share\vm\classfile\systemDictionary.cpp, line 210]
Event: 4.691 Thread 0x000000001cad4000 Exception <a 'java/lang/ClassNotFoundException': org/gradle/api/internal/artifacts/dsl/dependencies/DefaultDependencyHandler_DecoratedBeanInfo> (0x00000000d630aa78) thrown at [C:\src\AOSP-openjdk-git\hotspot\src\share\vm\classfile\systemDictionary.cpp, li
Event: 4.693 Thread 0x000000001cad4000 Exception <a 'java/lang/ClassNotFoundException': org/gradle/api/internal/artifacts/dsl/dependencies/DefaultDependencyHandlerBeanInfo> (0x00000000d63633b8) thrown at [C:\src\AOSP-openjdk-git\hotspot\src\share\vm\classfile\systemDictionary.cpp, line 210]
Event: 4.694 Thread 0x000000001cad4000 Exception <a 'java/lang/ClassNotFoundException': org/gradle/api/internal/artifacts/dsl/dependencies/DefaultDependencyHandlerCustomizer> (0x00000000d63bd0c0) thrown at [C:\src\AOSP-openjdk-git\hotspot\src\share\vm\classfile\systemDictionary.cpp, line 210]
Event: 4.696 Thread 0x000000001cad4000 Exception <a 'java/lang/ClassNotFoundException': org/gradle/api/internal/artifacts/dsl/dependencies/DefaultDependencyHandler_DecoratedCustomizer> (0x00000000d6447e18) thrown at [C:\src\AOSP-openjdk-git\hotspot\src\share\vm\classfile\systemDictionary.cpp, 
Event: 4.758 Thread 0x000000001cad4000 Exception <a 'java/lang/NoSuchMethodError': java.lang.Object.lambda$static$0(Lorg/gradle/api/internal/artifacts/configurations/MutationValidator$MutationType;)V> (0x00000000d6b53db8) thrown at [C:\src\AOSP-openjdk-git\hotspot\src\share\vm\interpreter\link

Events (10 events):
Event: 4.794 loading class javax/net/ssl/SSLException
Event: 4.794 loading class javax/net/ssl/SSLException done
Event: 4.794 loading class java/security/cert/CertificateParsingException
Event: 4.794 loading class java/security/cert/CertificateException
Event: 4.794 loading class java/security/cert/CertificateException done
Event: 4.794 loading class java/security/cert/CertificateParsingException done
Event: 4.795 loading class javax/net/ssl/SSLPeerUnverifiedException
Event: 4.795 loading class javax/net/ssl/SSLPeerUnverifiedException done
Event: 4.795 loading class javax/naming/NamingException
Event: 4.795 Executing VM operation: CollectForMetadataAllocation


Dynamic libraries:
0x00007ff67de50000 - 0x00007ff67de81000 	C:\Program Files\Android\Android Studio\jre\bin\java.exe
0x00007ffb9de90000 - 0x00007ffb9e086000 	C:\WINDOWS\SYSTEM32\ntdll.dll
0x00007ffb9c2a0000 - 0x00007ffb9c35d000 	C:\WINDOWS\System32\KERNEL32.DLL
0x00007ffb9bb10000 - 0x00007ffb9bdd9000 	C:\WINDOWS\System32\KERNELBASE.dll
0x00007ffb9c6e0000 - 0x00007ffb9c78c000 	C:\WINDOWS\System32\ADVAPI32.dll
0x00007ffb9c360000 - 0x00007ffb9c3fe000 	C:\WINDOWS\System32\msvcrt.dll
0x00007ffb9bf80000 - 0x00007ffb9c01c000 	C:\WINDOWS\System32\sechost.dll
0x00007ffb9c040000 - 0x00007ffb9c16b000 	C:\WINDOWS\System32\RPCRT4.dll
0x00007ffb9c790000 - 0x00007ffb9c930000 	C:\WINDOWS\System32\USER32.dll
0x00007ffb9b5d0000 - 0x00007ffb9b5f2000 	C:\WINDOWS\System32\win32u.dll
0x00007ffb9dbe0000 - 0x00007ffb9dc0a000 	C:\WINDOWS\System32\GDI32.dll
0x00007ffb9bde0000 - 0x00007ffb9beeb000 	C:\WINDOWS\System32\gdi32full.dll
0x00007ffb9b940000 - 0x00007ffb9b9dd000 	C:\WINDOWS\System32\msvcp_win.dll
0x00007ffb9b9e0000 - 0x00007ffb9bae0000 	C:\WINDOWS\System32\ucrtbase.dll
0x00007ffb9a9e0000 - 0x00007ffb9ac7b000 	C:\WINDOWS\WinSxS\amd64_microsoft.windows.common-controls_6595b64144ccf1df_6.0.19041.746_none_ca02b4b61b8320a4\COMCTL32.dll
0x00007ffb9bef0000 - 0x00007ffb9bf20000 	C:\WINDOWS\System32\IMM32.DLL
0x00000000589e0000 - 0x0000000058ab2000 	C:\Program Files\Android\Android Studio\jre\jre\bin\msvcr100.dll
0x0000000059bc0000 - 0x000000005a40b000 	C:\Program Files\Android\Android Studio\jre\jre\bin\server\jvm.dll
0x00007ffb9dc70000 - 0x00007ffb9dc78000 	C:\WINDOWS\System32\PSAPI.DLL
0x00007ffb82880000 - 0x00007ffb82889000 	C:\WINDOWS\SYSTEM32\WSOCK32.dll
0x00007ffb99120000 - 0x00007ffb9912a000 	C:\WINDOWS\SYSTEM32\VERSION.dll
0x00007ffb84e50000 - 0x00007ffb84e77000 	C:\WINDOWS\SYSTEM32\WINMM.dll
0x00007ffb9dde0000 - 0x00007ffb9de4b000 	C:\WINDOWS\System32\WS2_32.dll
0x00007ffb80690000 - 0x00007ffb8069f000 	C:\Program Files\Android\Android Studio\jre\jre\bin\verify.dll
0x00007ffb556b0000 - 0x00007ffb556d9000 	C:\Program Files\Android\Android Studio\jre\jre\bin\java.dll
0x00007ffb55690000 - 0x00007ffb556a6000 	C:\Program Files\Android\Android Studio\jre\jre\bin\zip.dll
0x00007ffb9cf20000 - 0x00007ffb9d662000 	C:\WINDOWS\System32\SHELL32.dll
0x00007ffb98930000 - 0x00007ffb990c0000 	C:\WINDOWS\SYSTEM32\windows.storage.dll
0x00007ffb9d670000 - 0x00007ffb9d9c6000 	C:\WINDOWS\System32\combase.dll
0x00007ffb9a940000 - 0x00007ffb9a96c000 	C:\WINDOWS\SYSTEM32\Wldp.dll
0x00007ffb9c990000 - 0x00007ffb9ca3e000 	C:\WINDOWS\System32\SHCORE.dll
0x00007ffb9c930000 - 0x00007ffb9c985000 	C:\WINDOWS\System32\shlwapi.dll
0x00007ffb9b500000 - 0x00007ffb9b526000 	C:\WINDOWS\SYSTEM32\profapi.dll
0x00007ffb62570000 - 0x00007ffb6258a000 	C:\Program Files\Android\Android Studio\jre\jre\bin\net.dll
0x00007ffb9a6d0000 - 0x00007ffb9a73a000 	C:\WINDOWS\system32\mswsock.dll
0x00007ffb5f4f0000 - 0x00007ffb5f503000 	C:\Program Files\Android\Android Studio\jre\jre\bin\nio.dll
0x00007ffb8d8e0000 - 0x00007ffb8d907000 	C:\Users\Gokul\.gradle\native\f6784746aeab05261644944871eae4fe03e0ef1612fff0a4a95f87b438bc6780\windows-amd64\native-platform.dll
0x00007ffb86810000 - 0x00007ffb8681d000 	C:\Program Files\Android\Android Studio\jre\jre\bin\management.dll
0x00007ffb9b350000 - 0x00007ffb9b368000 	C:\WINDOWS\SYSTEM32\CRYPTSP.dll
0x00007ffb9a080000 - 0x00007ffb9a0b4000 	C:\WINDOWS\system32\rsaenh.dll
0x00007ffb9bae0000 - 0x00007ffb9bb07000 	C:\WINDOWS\System32\bcrypt.dll
0x00007ffb9b480000 - 0x00007ffb9b4ae000 	C:\WINDOWS\SYSTEM32\USERENV.dll
0x00007ffb9b760000 - 0x00007ffb9b7e0000 	C:\WINDOWS\System32\bcryptprimitives.dll
0x00007ffb9a8e0000 - 0x00007ffb9a8ec000 	C:\WINDOWS\SYSTEM32\CRYPTBASE.dll
0x00007ffb9a3d0000 - 0x00007ffb9a40b000 	C:\WINDOWS\SYSTEM32\IPHLPAPI.DLL
0x00007ffb9ca40000 - 0x00007ffb9ca48000 	C:\WINDOWS\System32\NSI.dll
0x00007ffb91680000 - 0x00007ffb91697000 	C:\WINDOWS\SYSTEM32\dhcpcsvc6.DLL
0x00007ffb91660000 - 0x00007ffb9167d000 	C:\WINDOWS\SYSTEM32\dhcpcsvc.DLL
0x00007ffb9a410000 - 0x00007ffb9a4db000 	C:\WINDOWS\SYSTEM32\DNSAPI.dll
0x00007ffb916a0000 - 0x00007ffb916ab000 	C:\WINDOWS\SYSTEM32\WINNSI.DLL
0x00007ffb9aff0000 - 0x00007ffb9b1d4000 	C:\WINDOWS\SYSTEM32\dbghelp.dll

VM Arguments:
jvm_args: -Xmx2048m -Dfile.encoding=UTF-8 -Duser.country=IN -Duser.language=en -Duser.variant 
java_command: org.gradle.launcher.daemon.bootstrap.GradleDaemon 6.5
java_class_path (initial): C:\Users\Gokul\.gradle\wrapper\dists\gradle-6.5-bin\6nifqtx7604sqp1q6g8wikw7p\gradle-6.5\lib\gradle-launcher-6.5.jar
Launcher Type: SUN_STANDARD

Environment Variables:
PATH=C:\Program Files (x86)\Common Files\Intel\Shared Libraries\redist\intel64\compiler;C:\Program Files (x86)\Common Files\Oracle\Java\javapath;C:\Windows\system32;C:\Windows;C:\Windows\System32\Wbem;C:\Windows\System32\WindowsPowerShell\v1.0\;C:\Windows\System32\OpenSSH\;C:\Program Files (x86)\NVIDIA Corporation\PhysX\Common;C:\Program Files\NVIDIA Corporation\NVIDIA NvDLISR;C:\WINDOWS\system32;C:\WINDOWS;C:\WINDOWS\System32\Wbem;C:\WINDOWS\System32\WindowsPowerShell\v1.0\;C:\WINDOWS\System32\OpenSSH\;C:\Program Files\Git\cmd;C:\Users\Gokul\AppData\Local\Microsoft\WindowsApps;;C:\Program Files\JetBrains\IntelliJ IDEA 2020.3.1\bin;
USERNAME=Gokul
OS=Windows_NT
PROCESSOR_IDENTIFIER=Intel64 Family 6 Model 158 Stepping 10, GenuineIntel



---------------  S Y S T E M  ---------------

OS: Windows 10.0 , 64 bit Build 19041 (10.0.19041.804)

CPU:total 8 (initial active 8) (4 cores per cpu, 2 threads per core) family 6 model 158 stepping 10, cmov, cx8, fxsr, mmx, sse, sse2, sse3, ssse3, sse4.1, sse4.2, popcnt, avx, avx2, aes, clmul, erms, 3dnowpref, lzcnt, ht, tsc, tscinvbit, bmi1, bmi2, adx

Memory: 4k page, physical 16610356k(8516368k free), swap 24212532k(13953904k free)

vm_info: OpenJDK 64-Bit Server VM (25.242-b01) for windows-amd64 JRE (1.8.0_242-release-1644-b01), built by "builder" with MS VC++ 10.0 (VS2010)

time: Mon Feb 15 12:42:17 2021
timezone: India Standard Time
elapsed time: 4 seconds (0d 0h 0m 4s)

